<?xml version="1.0" encoding="UTF-8"?>
<!-- Generated by org.testng.reporters.JUnitReportReporter -->
<testsuite hostname="DESKTOP-CTGNAPF" failures="0" tests="1" name="test.TC_001" time="4.836" errors="0" timestamp="2021-06-20T20:00:36 IST" skipped="0">
  <testcase classname="test.TC_001" name="tc001" time="4.836"/>
  <system-out/>
</testsuite> <!-- test.TC_001 -->
